<?xml version="1.0" encoding="UTF-8"?>
<testsuite xmlns:xsi="http://www.w3.org/2001/XMLSchema-instance" xsi:noNamespaceSchemaLocation="https://maven.apache.org/surefire/maven-surefire-plugin/xsd/surefire-test-report-3.0.xsd" version="3.0" name="home.demoqa.tests.BookStoreTests" time="9.05" tests="1" errors="0" skipped="0" failures="0">
  <properties>
[...]
</properties>
  <testcase name="loginPositiveTest" classname="home.demoqa.tests.BookStoreTests" time="9.042">
    <system-out><![CDATA[10:44:44.707 [main] INFO  i.g.bonigarcia.wdm.WebDriverManager -- Using chromedriver 139.0.7258.154 (resolved driver for Chrome 139)
10:44:44.734 [main] INFO  i.g.bonigarcia.wdm.WebDriverManager -- Exporting webdriver.chrome.driver as /Users/karinailchenko/.cache/selenium/chromedriver/mac-arm64/139.0.7258.154/chromedriver
10:44:44.745 [main] WARN  i.g.b.w.managers.SafariDriverManager -- There is no need to manage the driver for the Safari browser (i.e., safaridriver) since it is built-in in Mac OS
10:44:44.996 [main] INFO  i.g.bonigarcia.wdm.WebDriverManager -- Reading https://raw.githubusercontent.com/bonigarcia/webdrivermanager/master/docs/mirror/geckodriver to seek geckodriver
10:44:45.111 [main] INFO  i.g.bonigarcia.wdm.WebDriverManager -- Exporting webdriver.gecko.driver as /Users/karinailchenko/.cache/selenium/geckodriver/mac-arm64/0.36.0/geckodriver
10:44:46.379 [main] INFO  com.demoqa.utils.MyListener -- We will open web site https://demoqa.com
10:44:49.409 [main] INFO  home.demoqa.core.TestBase -- Start testloginPositiveTest()
10:44:49.441 [main] INFO  com.demoqa.utils.MyListener -- Element with locator By.cssSelector: .card:nth-child(6) found
10:44:49.531 [main] INFO  com.demoqa.utils.MyListener -- We clicked on [[ChromeDriver: chrome on mac (04f48e4d70d3bf4b5bf8afb7aae77398)] -> css selector: .card:nth-child(6)]
10:44:49.550 [main] INFO  com.demoqa.utils.MyListener -- Element with locator By.xpath: //span[.='Login'] found
10:44:49.657 [main] INFO  com.demoqa.utils.MyListener -- We clicked on [[ChromeDriver: chrome on mac (04f48e4d70d3bf4b5bf8afb7aae77398)] -> xpath: //span[.='Login']]
10:44:49.676 [main] INFO  com.demoqa.utils.MyListener -- Element with locator By.id: userName found
10:44:50.098 [main] INFO  com.demoqa.utils.MyListener -- We clicked on [[ChromeDriver: chrome on mac (04f48e4d70d3bf4b5bf8afb7aae77398)] -> id: userName]
10:44:50.113 [main] INFO  com.demoqa.utils.MyListener -- Element with locator By.id: userName found
10:44:50.162 [main] INFO  com.demoqa.utils.MyListener -- Element with locator By.id: userName found
10:44:50.890 [main] INFO  com.demoqa.utils.MyListener -- We enter to [[ChromeDriver: chrome on mac (04f48e4d70d3bf4b5bf8afb7aae77398)] -> id: userName]
10:44:50.917 [main] INFO  com.demoqa.utils.MyListener -- Element with locator By.id: password found
10:44:51.049 [main] INFO  com.demoqa.utils.MyListener -- We clicked on [[ChromeDriver: chrome on mac (04f48e4d70d3bf4b5bf8afb7aae77398)] -> id: password]
10:44:51.084 [main] INFO  com.demoqa.utils.MyListener -- Element with locator By.id: password found
10:44:51.151 [main] INFO  com.demoqa.utils.MyListener -- Element with locator By.id: password found
10:44:51.220 [main] INFO  com.demoqa.utils.MyListener -- We enter to [[ChromeDriver: chrome on mac (04f48e4d70d3bf4b5bf8afb7aae77398)] -> id: password]
10:44:51.264 [main] INFO  com.demoqa.utils.MyListener -- Element with locator By.id: login found
10:44:51.351 [main] INFO  com.demoqa.utils.MyListener -- We clicked on [[ChromeDriver: chrome on mac (04f48e4d70d3bf4b5bf8afb7aae77398)] -> id: login]
10:44:53.219 [main] INFO  com.demoqa.utils.MyListener -- Element with locator By.id: userName-value found
10:44:53.700 [main] INFO  home.demoqa.core.TestBase -- Stop test
10:44:53.701 [main] INFO  home.demoqa.core.TestBase -- ************
10:44:53.702 [main] INFO  com.demoqa.utils.MyTestWatcher -- The methodloginPositiveTest() is PASSED
]]></system-out>
  </testcase>
</testsuite>